The system is: Windows - 10.0.17134 - AMD64
Compiling the C compiler identification source file "CMakeCCompilerId.c" succeeded.
Compiler: C:/Program Files (x86)/Microsoft Visual Studio/2017/Community/VC/Tools/MSVC/14.16.27023/bin/Hostx86/x86/cl.exe 
Build flags: 
Id flags:  

The output was:
0
Compilador de optimizaci¢n de C/C++ de Microsoft (R) versi¢n 19.16.27027.1 para x86
(C) Microsoft Corporation. Todos los derechos reservados.

CMakeCCompilerId.c
Microsoft (R) Incremental Linker Version 14.16.27027.1
Copyright (C) Microsoft Corporation.  All rights reserved.

/out:CMakeCCompilerId.exe 
CMakeCCompilerId.obj 


Compilation of the C compiler identification source "CMakeCCompilerId.c" produced "CMakeCCompilerId.exe"

Compilation of the C compiler identification source "CMakeCCompilerId.c" produced "CMakeCCompilerId.obj"

The C compiler identification is MSVC, found in "C:/Users/Usuario/Infratec/Infratec/cmake-build-debug/CMakeFiles/3.13.4/CompilerIdC/CMakeCCompilerId.exe"

Determining if the C compiler works passed with the following output:
Change Dir: C:/Users/Usuario/Infratec/Infratec/cmake-build-debug/CMakeFiles/CMakeTmp

Run Build Command:"nmake" "/nologo" "cmTC_91154\fast"
	"C:\Program Files (x86)\Microsoft Visual Studio\2017\Community\VC\Tools\MSVC\14.16.27023\bin\HostX86\x86\nmake.exe" -f CMakeFiles\cmTC_91154.dir\build.make /nologo -L                  CMakeFiles\cmTC_91154.dir\build
Building C object CMakeFiles/cmTC_91154.dir/testCCompiler.c.obj
	C:\PROGRA~2\MICROS~4\2017\COMMUN~1\VC\Tools\MSVC\1416~1.270\bin\Hostx86\x86\cl.exe @C:\Users\Usuario\AppData\Local\Temp\nm62AB.tmp
testCCompiler.c
Linking C executable cmTC_91154.exe
	"C:\Program Files\JetBrains\CLion 2019.1\bin\cmake\win\bin\cmake.exe" -E vs_link_exe --intdir=CMakeFiles\cmTC_91154.dir --manifests  -- C:\PROGRA~2\MICROS~4\2017\COMMUN~1\VC\Tools\MSVC\1416~1.270\bin\Hostx86\x86\link.exe /nologo @CMakeFiles\cmTC_91154.dir\objects1.rsp @C:\Users\Usuario\AppData\Local\Temp\nm66A3.tmp


Detecting C compiler ABI info compiled with the following output:
Change Dir: C:/Users/Usuario/Infratec/Infratec/cmake-build-debug/CMakeFiles/CMakeTmp

Run Build Command:"nmake" "/nologo" "cmTC_4ae51\fast"
	"C:\Program Files (x86)\Microsoft Visual Studio\2017\Community\VC\Tools\MSVC\14.16.27023\bin\HostX86\x86\nmake.exe" -f CMakeFiles\cmTC_4ae51.dir\build.make /nologo -L                  CMakeFiles\cmTC_4ae51.dir\build
Building C object CMakeFiles/cmTC_4ae51.dir/CMakeCCompilerABI.c.obj
	C:\PROGRA~2\MICROS~4\2017\COMMUN~1\VC\Tools\MSVC\1416~1.270\bin\Hostx86\x86\cl.exe @C:\Users\Usuario\AppData\Local\Temp\nm7930.tmp
CMakeCCompilerABI.c
Linking C executable cmTC_4ae51.exe
	"C:\Program Files\JetBrains\CLion 2019.1\bin\cmake\win\bin\cmake.exe" -E vs_link_exe --intdir=CMakeFiles\cmTC_4ae51.dir --manifests  -- C:\PROGRA~2\MICROS~4\2017\COMMUN~1\VC\Tools\MSVC\1416~1.270\bin\Hostx86\x86\link.exe /nologo @CMakeFiles\cmTC_4ae51.dir\objects1.rsp @C:\Users\Usuario\AppData\Local\Temp\nm79BE.tmp




Detecting C [] compiler features compiled with the following output:
Change Dir: C:/Users/Usuario/Infratec/Infratec/cmake-build-debug/CMakeFiles/CMakeTmp

Run Build Command:"nmake" "/nologo" "cmTC_03c77\fast"
	"C:\Program Files (x86)\Microsoft Visual Studio\2017\Community\VC\Tools\MSVC\14.16.27023\bin\HostX86\x86\nmake.exe" -f CMakeFiles\cmTC_03c77.dir\build.make /nologo -L                  CMakeFiles\cmTC_03c77.dir\build
Building C object CMakeFiles/cmTC_03c77.dir/feature_tests.c.obj
	C:\PROGRA~2\MICROS~4\2017\COMMUN~1\VC\Tools\MSVC\1416~1.270\bin\Hostx86\x86\cl.exe @C:\Users\Usuario\AppData\Local\Temp\nm7FA8.tmp
feature_tests.c
Linking C executable cmTC_03c77.exe
	"C:\Program Files\JetBrains\CLion 2019.1\bin\cmake\win\bin\cmake.exe" -E vs_link_exe --intdir=CMakeFiles\cmTC_03c77.dir --manifests  -- C:\PROGRA~2\MICROS~4\2017\COMMUN~1\VC\Tools\MSVC\1416~1.270\bin\Hostx86\x86\link.exe /nologo @CMakeFiles\cmTC_03c77.dir\objects1.rsp @C:\Users\Usuario\AppData\Local\Temp\nm8007.tmp


    Feature record: C_FEATURE:1c_function_prototypes
    Feature record: C_FEATURE:1c_variadic_macros
